2021-08-29 15:01:57,705 INFO:  Scheduler started
2021-08-29 15:02:05,845 INFO:  Ответ "погода" сформирован
2021-08-29 15:02:06,106 INFO:  Сообщение отправлено.
2021-08-29 15:03:05,499 INFO:  Scheduler started
2021-08-29 15:03:09,058 INFO:  Ответ "погода" сформирован
2021-08-29 15:03:09,286 INFO:  Сообщение отправлено.
2021-08-29 15:03:21,650 INFO:  сиськи
2021-08-29 15:03:23,141 INFO:  {'url': 'https://www.e1.ru/text/style/2021/08/29/70104824/', 'title': 'Интервью о том, как зарабатывать телом в интернете без пошлости', 'publishedDate': '17 hour(s), 33 minute(s) ago', 'content': 'Из серии: «О, вот это сиськи, вот это дойки!» — очень любят писать. Что за бред? Не то что я скрываюсь или прячусь — просто одеваюсь поскромнее.', 'img_src': 'http://www.bing.com/th?id=OVFT.8jJWdlPX-93oBBRGVg6x6C&pid=News', 'engine': 'bing news', 'parsed_url': ['https', 'www.e1.ru', '/text/style/2021/08/29/70104824/', '', '', ''], 'engines': ['bing news'], 'positions': [1], 'score': 1.0, 'category': 'news', 'pretty_url': 'https://www.e1.ru/text/style/2021/08/29/70104824/', 'pubdate': '2021-08-28 21:30:00+0000'}
2021-08-29 15:03:23,302 INFO:  Сообщение отправлено.
2021-08-29 15:04:57,961 INFO:  Scheduler started
2021-08-29 15:05:17,894 INFO:  Ответ "погода" сформирован
2021-08-29 15:05:18,118 INFO:  Сообщение отправлено.
2021-08-29 15:05:22,091 INFO:  сиськи
2021-08-29 15:05:22,886 INFO:  {'url': 'https://www.e1.ru/text/style/2021/08/29/70104824/', 'title': 'Интервью о том, как зарабатывать телом в интернете без пошлости', 'publishedDate': '17 hour(s), 35 minute(s) ago', 'content': 'Из серии: «О, вот это сиськи, вот это дойки!» — очень любят писать. Что за бред? Не то что я скрываюсь или прячусь — просто одеваюсь поскромнее.', 'img_src': 'http://www.bing.com/th?id=OVFT.8jJWdlPX-93oBBRGVg6x6C&pid=News', 'engine': 'bing news', 'parsed_url': ['https', 'www.e1.ru', '/text/style/2021/08/29/70104824/', '', '', ''], 'engines': ['bing news'], 'positions': [1], 'score': 1.0, 'category': 'news', 'pretty_url': 'https://www.e1.ru/text/style/2021/08/29/70104824/', 'pubdate': '2021-08-28 21:30:00+0000'}
2021-08-29 15:05:22,999 INFO:  Сообщение отправлено.
2021-08-29 15:05:28,491 INFO:  сиськи
2021-08-29 15:05:29,368 INFO:  {'url': 'https://www.e1.ru/text/style/2021/08/29/70104824/', 'title': 'Интервью о том, как зарабатывать телом в интернете без пошлости', 'publishedDate': '17 hour(s), 35 minute(s) ago', 'content': 'Из серии: «О, вот это сиськи, вот это дойки!» — очень любят писать. Что за бред? Не то что я скрываюсь или прячусь — просто одеваюсь поскромнее.', 'img_src': 'http://www.bing.com/th?id=OVFT.8jJWdlPX-93oBBRGVg6x6C&pid=News', 'engine': 'bing news', 'parsed_url': ['https', 'www.e1.ru', '/text/style/2021/08/29/70104824/', '', '', ''], 'engines': ['bing news'], 'positions': [1], 'score': 1.0, 'category': 'news', 'pretty_url': 'https://www.e1.ru/text/style/2021/08/29/70104824/', 'pubdate': '2021-08-28 21:30:00+0000'}
2021-08-29 15:05:29,462 INFO:  Сообщение отправлено.
2021-08-29 15:05:32,199 INFO:  сиськи
2021-08-29 15:05:33,006 INFO:  {'url': 'https://www.e1.ru/text/style/2021/08/29/70104824/', 'title': 'Интервью о том, как зарабатывать телом в интернете без пошлости', 'publishedDate': '17 hour(s), 35 minute(s) ago', 'content': 'Из серии: «О, вот это сиськи, вот это дойки!» — очень любят писать. Что за бред? Не то что я скрываюсь или прячусь — просто одеваюсь поскромнее.', 'img_src': 'http://www.bing.com/th?id=OVFT.8jJWdlPX-93oBBRGVg6x6C&pid=News', 'engine': 'bing news', 'parsed_url': ['https', 'www.e1.ru', '/text/style/2021/08/29/70104824/', '', '', ''], 'engines': ['bing news'], 'positions': [1], 'score': 1.0, 'category': 'news', 'pretty_url': 'https://www.e1.ru/text/style/2021/08/29/70104824/', 'pubdate': '2021-08-28 21:30:00+0000'}
2021-08-29 15:05:33,121 INFO:  Сообщение отправлено.
2021-08-29 15:05:41,660 INFO:  сиськи
2021-08-29 15:05:42,428 INFO:  {'url': 'https://www.e1.ru/text/style/2021/08/29/70104824/', 'title': 'Интервью о том, как зарабатывать телом в интернете без пошлости', 'publishedDate': '17 hour(s), 35 minute(s) ago', 'content': 'Из серии: «О, вот это сиськи, вот это дойки!» — очень любят писать. Что за бред? Не то что я скрываюсь или прячусь — просто одеваюсь поскромнее.', 'img_src': 'http://www.bing.com/th?id=OVFT.8jJWdlPX-93oBBRGVg6x6C&pid=News', 'engine': 'bing news', 'parsed_url': ['https', 'www.e1.ru', '/text/style/2021/08/29/70104824/', '', '', ''], 'engines': ['bing news'], 'positions': [1], 'score': 1.0, 'category': 'news', 'pretty_url': 'https://www.e1.ru/text/style/2021/08/29/70104824/', 'pubdate': '2021-08-28 21:30:00+0000'}
2021-08-29 15:05:42,553 INFO:  Сообщение отправлено.
2021-08-29 15:05:45,097 INFO:  сиськи
2021-08-29 15:05:45,817 INFO:  {'url': 'https://www.e1.ru/text/style/2021/08/29/70104824/', 'title': 'Интервью о том, как зарабатывать телом в интернете без пошлости', 'publishedDate': '17 hour(s), 35 minute(s) ago', 'content': 'Из серии: «О, вот это сиськи, вот это дойки!» — очень любят писать. Что за бред? Не то что я скрываюсь или прячусь — просто одеваюсь поскромнее.', 'img_src': 'http://www.bing.com/th?id=OVFT.8jJWdlPX-93oBBRGVg6x6C&pid=News', 'engine': 'bing news', 'parsed_url': ['https', 'www.e1.ru', '/text/style/2021/08/29/70104824/', '', '', ''], 'engines': ['bing news'], 'positions': [1], 'score': 1.0, 'category': 'news', 'pretty_url': 'https://www.e1.ru/text/style/2021/08/29/70104824/', 'pubdate': '2021-08-28 21:30:00+0000'}
2021-08-29 15:05:45,896 INFO:  Сообщение отправлено.
2021-08-29 15:07:04,452 INFO:  Scheduler started
2021-08-29 15:07:08,077 INFO:  сиська
2021-08-29 15:07:08,981 INFO:  {'url': 'https://www.e1.ru/text/style/2021/08/29/70104824/', 'title': 'Интервью о том, как зарабатывать телом в интернете без пошлости', 'publishedDate': '17 hour(s), 37 minute(s) ago', 'content': 'Из серии: «О, вот это сиськи, вот это дойки!» — очень любят писать. Что за бред? Не то что я скрываюсь или прячусь — просто одеваюсь поскромнее.', 'img_src': 'http://www.bing.com/th?id=OVFT.8jJWdlPX-93oBBRGVg6x6C&pid=News', 'engine': 'bing news', 'parsed_url': ['https', 'www.e1.ru', '/text/style/2021/08/29/70104824/', '', '', ''], 'engines': ['bing news'], 'positions': [1], 'score': 1.0, 'category': 'news', 'pretty_url': 'https://www.e1.ru/text/style/2021/08/29/70104824/', 'pubdate': '2021-08-28 21:30:00+0000'}
2021-08-29 15:07:09,232 INFO:  Сообщение отправлено.
2021-08-29 15:07:15,405 INFO:  сиська
2021-08-29 15:07:16,216 INFO:  {'url': 'https://www.e1.ru/text/style/2021/08/29/70104824/', 'title': 'Интервью о том, как зарабатывать телом в интернете без пошлости', 'publishedDate': '17 hour(s), 37 minute(s) ago', 'content': 'Из серии: «О, вот это сиськи, вот это дойки!» — очень любят писать. Что за бред? Не то что я скрываюсь или прячусь — просто одеваюсь поскромнее.', 'img_src': 'http://www.bing.com/th?id=OVFT.8jJWdlPX-93oBBRGVg6x6C&pid=News', 'engine': 'bing news', 'parsed_url': ['https', 'www.e1.ru', '/text/style/2021/08/29/70104824/', '', '', ''], 'engines': ['bing news'], 'positions': [1], 'score': 1.0, 'category': 'news', 'pretty_url': 'https://www.e1.ru/text/style/2021/08/29/70104824/', 'pubdate': '2021-08-28 21:30:00+0000'}
2021-08-29 15:07:16,216 ERROR:  No error handlers are registered, logging exception.
Traceback (most recent call last):
  File "/home/roman/Рабочий стол/My-Bot/My-Bot/venv/lib/python3.8/site-packages/telegram/ext/dispatcher.py", line 555, in process_update
    handler.handle_update(update, self, check, context)
  File "/home/roman/Рабочий стол/My-Bot/My-Bot/venv/lib/python3.8/site-packages/telegram/ext/handler.py", line 198, in handle_update
    return self.callback(update, context)
  File "/home/roman/Рабочий стол/My-Bot/My-Bot/main.py", line 52, in say_hi
    text = searh_func(message)
  File "/home/roman/Рабочий стол/My-Bot/My-Bot/main.py", line 35, in searh_func
    return f'{first_new["title"]}\n{first_new["content"]}\n{first_new["img_src"]}\n{first_new["pretty_url"]}'
KeyError: 'img_src'
2021-08-29 15:07:25,145 INFO:  сиська
2021-08-29 15:07:25,901 INFO:  {'url': 'https://ru.wikinews.org/wiki/%D0%94%D0%B6%D0%B5%D0%BD%D0%BD%D0%B8%D1%84%D0%B5%D1%80_%D0%9B%D0%BE%D0%BF%D0%B5%D1%81_%D1%80%D0%B0%D1%81%D1%81%D0%BA%D0%B0%D0%B7%D0%B0%D0%BB%D0%B0%2C_%D0%BA%D0%B0%D0%BA_%D0%BD%D0%B0_%D0%B7%D0%B0%D1%80%D0%B5_%D0%B5%D0%B5_%D0%BA%D0%B0%D1%80%D1%8C%D0%B5%D1%80%D1%8B_%D1%80%D0%B5%D0%B6%D0%B8%D1%81%D1%81%D0%B5%D1%80_%D1%82%D1%80%D0%B5%D0%B1%D0%BE%D0%B2%D0%B0%D0%BB_%C2%AB%D0%BF%D0%BE%D0%BA%D0%B0%D0%B7%D0%B0%D1%82%D1%8C_%D1%81%D0%B8%D1%81%D1%8C%D0%BA%D0%B8%C2%BB', 'title': 'Дженнифер Лопес рассказала, как на заре ее карьеры режиссер требовал «показать сиськи»', 'content': '', 'engine': 'wikinews', 'parsed_url': ['https', 'ru.wikinews.org', '/wiki/%D0%94%D0%B6%D0%B5%D0%BD%D0%BD%D0%B8%D1%84%D0%B5%D1%80_%D0%9B%D0%BE%D0%BF%D0%B5%D1%81_%D1%80%D0%B0%D1%81%D1%81%D0%BA%D0%B0%D0%B7%D0%B0%D0%BB%D0%B0%2C_%D0%BA%D0%B0%D0%BA_%D0%BD%D0%B0_%D0%B7%D0%B0%D1%80%D0%B5_%D0%B5%D0%B5_%D0%BA%D0%B0%D1%80%D1%8C%D0%B5%D1%80%D1%8B_%D1%80%D0%B5%D0%B6%D0%B8%D1%81%D1%81%D0%B5%D1%80_%D1%82%D1%80%D0%B5%D0%B1%D0%BE%D0%B2%D0%B0%D0%BB_%C2%AB%D0%BF%D0%BE%D0%BA%D0%B0%D0%B7%D0%B0%D1%82%D1%8C_%D1%81%D0%B8%D1%81%D1%8C%D0%BA%D0%B8%C2%BB', '', '', ''], 'engines': ['wikinews'], 'positions': [1], 'score': 1.0, 'category': 'news', 'pretty_url': 'https://ru.wikinews.org/wiki/%D0%94%D0[...]81%D0%B8%D1%81%D1%8C%D0%BA%D0%B8%C2%BB'}
2021-08-29 15:07:25,902 ERROR:  No error handlers are registered, logging exception.
Traceback (most recent call last):
  File "/home/roman/Рабочий стол/My-Bot/My-Bot/venv/lib/python3.8/site-packages/telegram/ext/dispatcher.py", line 555, in process_update
    handler.handle_update(update, self, check, context)
  File "/home/roman/Рабочий стол/My-Bot/My-Bot/venv/lib/python3.8/site-packages/telegram/ext/handler.py", line 198, in handle_update
    return self.callback(update, context)
  File "/home/roman/Рабочий стол/My-Bot/My-Bot/main.py", line 52, in say_hi
    text = searh_func(message)
  File "/home/roman/Рабочий стол/My-Bot/My-Bot/main.py", line 35, in searh_func
    return f'{first_new["title"]}\n{first_new["content"]}\n{first_new["img_src"]}\n{first_new["pretty_url"]}'
KeyError: 'img_src'
2021-08-29 15:08:36,477 INFO:  Scheduler started
2021-08-29 15:08:40,966 INFO:  сиська
2021-08-29 15:08:41,898 INFO:  {'url': 'https://www.e1.ru/text/style/2021/08/29/70104824/', 'title': 'Интервью о том, как зарабатывать телом в интернете без пошлости', 'publishedDate': '17 hour(s), 38 minute(s) ago', 'content': 'Из серии: «О, вот это сиськи, вот это дойки!» — очень любят писать. Что за бред? Не то что я скрываюсь или прячусь — просто одеваюсь поскромнее.', 'img_src': 'http://www.bing.com/th?id=OVFT.8jJWdlPX-93oBBRGVg6x6C&pid=News', 'engine': 'bing news', 'parsed_url': ['https', 'www.e1.ru', '/text/style/2021/08/29/70104824/', '', '', ''], 'engines': ['bing news'], 'positions': [1], 'score': 1.0, 'category': 'news', 'pretty_url': 'https://www.e1.ru/text/style/2021/08/29/70104824/', 'pubdate': '2021-08-28 21:30:00+0000'}
2021-08-29 15:08:42,157 INFO:  Сообщение отправлено.
2021-08-29 15:08:47,009 INFO:  сиська
2021-08-29 15:08:48,158 INFO:  {'url': 'https://www.e1.ru/text/style/2021/08/29/70104824/', 'title': 'Интервью о том, как зарабатывать телом в интернете без пошлости', 'publishedDate': '17 hour(s), 38 minute(s) ago', 'content': 'Из серии: «О, вот это сиськи, вот это дойки!» — очень любят писать. Что за бред? Не то что я скрываюсь или прячусь — просто одеваюсь поскромнее.', 'img_src': 'http://www.bing.com/th?id=OVFT.8jJWdlPX-93oBBRGVg6x6C&pid=News', 'engine': 'bing news', 'parsed_url': ['https', 'www.e1.ru', '/text/style/2021/08/29/70104824/', '', '', ''], 'engines': ['bing news'], 'positions': [1], 'score': 1.0, 'category': 'news', 'pretty_url': 'https://www.e1.ru/text/style/2021/08/29/70104824/', 'pubdate': '2021-08-28 21:30:00+0000'}
2021-08-29 15:08:48,355 INFO:  Сообщение отправлено.
2021-08-29 15:08:55,999 INFO:  сиська
2021-08-29 15:08:57,070 INFO:  {'url': 'https://www.e1.ru/text/style/2021/08/29/70104824/', 'title': 'Интервью о том, как зарабатывать телом в интернете без пошлости', 'publishedDate': '17 hour(s), 38 minute(s) ago', 'content': 'Из серии: «О, вот это сиськи, вот это дойки!» — очень любят писать. Что за бред? Не то что я скрываюсь или прячусь — просто одеваюсь поскромнее.', 'img_src': 'http://www.bing.com/th?id=OVFT.8jJWdlPX-93oBBRGVg6x6C&pid=News', 'engine': 'bing news', 'parsed_url': ['https', 'www.e1.ru', '/text/style/2021/08/29/70104824/', '', '', ''], 'engines': ['bing news'], 'positions': [1], 'score': 1.0, 'category': 'news', 'pretty_url': 'https://www.e1.ru/text/style/2021/08/29/70104824/', 'pubdate': '2021-08-28 21:30:00+0000'}
2021-08-29 15:08:57,180 INFO:  Сообщение отправлено.
2021-08-29 15:08:59,786 INFO:  сиська
2021-08-29 15:09:01,048 INFO:  {'url': 'https://www.e1.ru/text/style/2021/08/29/70104824/', 'title': 'Интервью о том, как зарабатывать телом в интернете без пошлости', 'publishedDate': '17 hour(s), 39 minute(s) ago', 'content': 'Из серии: «О, вот это сиськи, вот это дойки!» — очень любят писать. Что за бред? Не то что я скрываюсь или прячусь — просто одеваюсь поскромнее.', 'img_src': 'http://www.bing.com/th?id=OVFT.8jJWdlPX-93oBBRGVg6x6C&pid=News', 'engine': 'bing news', 'parsed_url': ['https', 'www.e1.ru', '/text/style/2021/08/29/70104824/', '', '', ''], 'engines': ['bing news'], 'positions': [1], 'score': 1.0, 'category': 'news', 'pretty_url': 'https://www.e1.ru/text/style/2021/08/29/70104824/', 'pubdate': '2021-08-28 21:30:00+0000'}
2021-08-29 15:09:01,144 INFO:  Сообщение отправлено.
2021-08-29 15:09:02,860 INFO:  сиська
2021-08-29 15:09:04,095 INFO:  {'url': 'https://www.e1.ru/text/style/2021/08/29/70104824/', 'title': 'Интервью о том, как зарабатывать телом в интернете без пошлости', 'publishedDate': '17 hour(s), 39 minute(s) ago', 'content': 'Из серии: «О, вот это сиськи, вот это дойки!» — очень любят писать. Что за бред? Не то что я скрываюсь или прячусь — просто одеваюсь поскромнее.', 'img_src': 'http://www.bing.com/th?id=OVFT.8jJWdlPX-93oBBRGVg6x6C&pid=News', 'engine': 'bing news', 'parsed_url': ['https', 'www.e1.ru', '/text/style/2021/08/29/70104824/', '', '', ''], 'engines': ['bing news'], 'positions': [1], 'score': 1.0, 'category': 'news', 'pretty_url': 'https://www.e1.ru/text/style/2021/08/29/70104824/', 'pubdate': '2021-08-28 21:30:00+0000'}
2021-08-29 15:09:04,204 INFO:  Сообщение отправлено.
2021-08-29 15:09:07,352 INFO:  сиська
2021-08-29 15:09:08,563 INFO:  {'url': 'https://www.e1.ru/text/style/2021/08/29/70104824/', 'title': 'Интервью о том, как зарабатывать телом в интернете без пошлости', 'publishedDate': '17 hour(s), 39 minute(s) ago', 'content': 'Из серии: «О, вот это сиськи, вот это дойки!» — очень любят писать. Что за бред? Не то что я скрываюсь или прячусь — просто одеваюсь поскромнее.', 'img_src': 'http://www.bing.com/th?id=OVFT.8jJWdlPX-93oBBRGVg6x6C&pid=News', 'engine': 'bing news', 'parsed_url': ['https', 'www.e1.ru', '/text/style/2021/08/29/70104824/', '', '', ''], 'engines': ['bing news'], 'positions': [1], 'score': 1.0, 'category': 'news', 'pretty_url': 'https://www.e1.ru/text/style/2021/08/29/70104824/', 'pubdate': '2021-08-28 21:30:00+0000'}
2021-08-29 15:09:08,711 INFO:  Сообщение отправлено.
2021-08-29 15:27:55,163 INFO:  Scheduler started
2021-08-29 15:27:55,655 INFO:  gjujlf
2021-08-29 15:27:56,876 INFO:  {'url': 'https://charter97.org/ru/news/2021/8/28/434929/', 'title': 'Стало известно, какой будет погода в Беларуси в последние дни августа', 'content': "Хартия '97Вчераbookmark_bordersharemore_vert", 'img_src': 'https://lh3.googleusercontent.com/proxy/xFmAu8lC54XjZCqR5Qf8WO1iSpp6zhnm6dNhUioAeWHD2RH8LGRXBbgwO4JuiQtLTiSYybA5TDHMt95sUmUAX9noN8eZ8j_smqwQ8IwnnNeTND9NgpXQAZwvlspKEv7rIVdbRFWvMHwc=s0-w100-h100-p-df', 'engine': 'google news', 'parsed_url': ['https', 'charter97.org', '/ru/news/2021/8/28/434929/', '', '', ''], 'engines': ['google news'], 'positions': [1], 'score': 1.0, 'category': 'news', 'pretty_url': 'https://charter97.org/ru/news/2021/8/28/434929/'}
2021-08-29 15:27:56,986 INFO:  Сообщение отправлено.
2021-08-29 15:27:57,107 INFO:  Ответ "погода" сформирован
2021-08-29 15:27:57,207 INFO:  Сообщение отправлено.
2021-08-29 15:27:57,318 INFO:  Ответ "погода" сформирован
2021-08-29 15:27:57,419 INFO:  Сообщение отправлено.
2021-08-29 15:27:57,419 INFO:  машина
2021-08-29 15:28:00,323 INFO:  {'url': 'https://www.ntv.ru/novosti/2598364/', 'title': 'В Тюмени спешившая на вызов пожарная машина провалилась в фонтан', 'publishedDate': 'Aug 28, 2021', 'content': 'На кадрах видно, как автомобиль на скорости въехал в фонтан, которые был вмонтирован в землю. Машина спешила к многоэтажному дому, в котором произошел сильный пожар. В паблике «ДТП в Тюмени» в социаль ...', 'img_src': 'http://www.bing.com/th?id=OVFT.EeWYgyVyrDGxHpa6HZOBzC&pid=News', 'engine': 'bing news', 'parsed_url': ['https', 'www.ntv.ru', '/novosti/2598364/', '', '', ''], 'engines': ['bing news'], 'positions': [1], 'score': 1.0, 'category': 'news', 'pretty_url': 'https://www.ntv.ru/novosti/2598364/', 'pubdate': '2021-08-28 10:23:00+0000'}
2021-08-29 15:28:00,451 INFO:  Сообщение отправлено.
